CRITICAL - 2022-11-20 13:23:09 --> Call to undefined function App\Controllers\Admin\mysql_query()
in APPPATH\Controllers\Admin\UsuariosController.php on line 36.
 1 SYSTEMPATH\CodeIgniter.php(927): App\Controllers\Admin\UsuariosController->index()
 2 SYSTEMPATH\CodeIgniter.php(482): CodeIgniter\CodeIgniter->runController(Object(App\Controllers\Admin\UsuariosController))
 3 SYSTEMPATH\CodeIgniter.php(351): CodeIgniter\CodeIgniter->handleRequest(null, Object(Config\Cache), false)
 4 FCPATH\index.php(67): CodeIgniter\CodeIgniter->run()
 5 SYSTEMPATH\Commands\Server\rewrite.php(46): require_once('FCPATH\\index.php')
CRITICAL - 2022-11-20 13:23:36 --> Call to undefined function mysql_num_rows()
in APPPATH\Views\usuarios\index.php on line 36.
 1 SYSTEMPATH\View\View.php(213): include()
 2 SYSTEMPATH\View\View.php(216): CodeIgniter\View\View->CodeIgniter\View\{closure}()
 3 SYSTEMPATH\Common.php(1134): CodeIgniter\View\View->render('usuarios/index', [], true)
 4 APPPATH\Controllers\Admin\UsuariosController.php(44): view('usuarios/index', [...])
 5 SYSTEMPATH\CodeIgniter.php(927): App\Controllers\Admin\UsuariosController->index()
 6 SYSTEMPATH\CodeIgniter.php(482): CodeIgniter\CodeIgniter->runController(Object(App\Controllers\Admin\UsuariosController))
 7 SYSTEMPATH\CodeIgniter.php(351): CodeIgniter\CodeIgniter->handleRequest(null, Object(Config\Cache), false)
 8 FCPATH\index.php(67): CodeIgniter\CodeIgniter->run()
 9 SYSTEMPATH\Commands\Server\rewrite.php(46): require_once('FCPATH\\index.php')
CRITICAL - 2022-11-20 13:26:02 --> Undefined variable $usuario
in APPPATH\Views\usuarios\edit.php on line 12.
 1 APPPATH\Views\usuarios\edit.php(12): CodeIgniter\Debug\Exceptions->errorHandler(2, 'Undefined variable $usuario', 'APPPATH\\Views\\usuarios\\edit.php', 12)
 2 SYSTEMPATH\View\View.php(213): include('APPPATH\\Views\\usuarios\\edit.php')
 3 SYSTEMPATH\View\View.php(216): CodeIgniter\View\View->CodeIgniter\View\{closure}()
 4 SYSTEMPATH\Common.php(1134): CodeIgniter\View\View->render('usuarios/edit', [], true)
 5 APPPATH\Controllers\Admin\UsuariosController.php(182): view('usuarios/edit', [...])
 6 SYSTEMPATH\CodeIgniter.php(927): App\Controllers\Admin\UsuariosController->update('2')
 7 SYSTEMPATH\CodeIgniter.php(482): CodeIgniter\CodeIgniter->runController(Object(App\Controllers\Admin\UsuariosController))
 8 SYSTEMPATH\CodeIgniter.php(351): CodeIgniter\CodeIgniter->handleRequest(null, Object(Config\Cache), false)
 9 FCPATH\index.php(67): CodeIgniter\CodeIgniter->run()
10 SYSTEMPATH\Commands\Server\rewrite.php(46): require_once('FCPATH\\index.php')
CRITICAL - 2022-11-20 13:29:55 --> Undefined variable $usuario
in APPPATH\Views\usuarios\edit.php on line 12.
 1 APPPATH\Views\usuarios\edit.php(12): CodeIgniter\Debug\Exceptions->errorHandler(2, 'Undefined variable $usuario', 'APPPATH\\Views\\usuarios\\edit.php', 12)
 2 SYSTEMPATH\View\View.php(213): include('APPPATH\\Views\\usuarios\\edit.php')
 3 SYSTEMPATH\View\View.php(216): CodeIgniter\View\View->CodeIgniter\View\{closure}()
 4 SYSTEMPATH\Common.php(1134): CodeIgniter\View\View->render('usuarios/edit', [], true)
 5 APPPATH\Controllers\Admin\UsuariosController.php(170): view('usuarios/edit', [...])
 6 SYSTEMPATH\CodeIgniter.php(927): App\Controllers\Admin\UsuariosController->update('2')
 7 SYSTEMPATH\CodeIgniter.php(482): CodeIgniter\CodeIgniter->runController(Object(App\Controllers\Admin\UsuariosController))
 8 SYSTEMPATH\CodeIgniter.php(351): CodeIgniter\CodeIgniter->handleRequest(null, Object(Config\Cache), false)
 9 FCPATH\index.php(67): CodeIgniter\CodeIgniter->run()
10 SYSTEMPATH\Commands\Server\rewrite.php(46): require_once('FCPATH\\index.php')
CRITICAL - 2022-11-20 13:32:48 --> Undefined variable $usuario
in APPPATH\Views\usuarios\edit.php on line 12.
 1 APPPATH\Views\usuarios\edit.php(12): CodeIgniter\Debug\Exceptions->errorHandler(2, 'Undefined variable $usuario', 'APPPATH\\Views\\usuarios\\edit.php', 12)
 2 SYSTEMPATH\View\View.php(213): include('APPPATH\\Views\\usuarios\\edit.php')
 3 SYSTEMPATH\View\View.php(216): CodeIgniter\View\View->CodeIgniter\View\{closure}()
 4 SYSTEMPATH\Common.php(1134): CodeIgniter\View\View->render('usuarios/edit', [], true)
 5 APPPATH\Controllers\Admin\UsuariosController.php(171): view('usuarios/edit', [...])
 6 SYSTEMPATH\CodeIgniter.php(927): App\Controllers\Admin\UsuariosController->update('2')
 7 SYSTEMPATH\CodeIgniter.php(482): CodeIgniter\CodeIgniter->runController(Object(App\Controllers\Admin\UsuariosController))
 8 SYSTEMPATH\CodeIgniter.php(351): CodeIgniter\CodeIgniter->handleRequest(null, Object(Config\Cache), false)
 9 FCPATH\index.php(67): CodeIgniter\CodeIgniter->run()
10 SYSTEMPATH\Commands\Server\rewrite.php(46): require_once('FCPATH\\index.php')
CRITICAL - 2022-11-20 13:37:54 --> Undefined variable $usuario
in APPPATH\Views\usuarios\edit.php on line 12.
 1 APPPATH\Views\usuarios\edit.php(12): CodeIgniter\Debug\Exceptions->errorHandler(2, 'Undefined variable $usuario', 'APPPATH\\Views\\usuarios\\edit.php', 12)
 2 SYSTEMPATH\View\View.php(213): include('APPPATH\\Views\\usuarios\\edit.php')
 3 SYSTEMPATH\View\View.php(216): CodeIgniter\View\View->CodeIgniter\View\{closure}()
 4 SYSTEMPATH\Common.php(1134): CodeIgniter\View\View->render('usuarios/edit', [], true)
 5 APPPATH\Controllers\Admin\UsuariosController.php(171): view('usuarios/edit', [...])
 6 SYSTEMPATH\CodeIgniter.php(927): App\Controllers\Admin\UsuariosController->update('3')
 7 SYSTEMPATH\CodeIgniter.php(482): CodeIgniter\CodeIgniter->runController(Object(App\Controllers\Admin\UsuariosController))
 8 SYSTEMPATH\CodeIgniter.php(351): CodeIgniter\CodeIgniter->handleRequest(null, Object(Config\Cache), false)
 9 FCPATH\index.php(67): CodeIgniter\CodeIgniter->run()
10 SYSTEMPATH\Commands\Server\rewrite.php(46): require_once('FCPATH\\index.php')
CRITICAL - 2022-11-20 13:39:17 --> Unmatched ')'
in APPPATH\Views\usuarios\edit.php on line 12.
 1 SYSTEMPATH\View\View.php(216): CodeIgniter\View\View->CodeIgniter\View\{closure}()
 2 SYSTEMPATH\Common.php(1134): CodeIgniter\View\View->render('usuarios/edit', [], true)
 3 APPPATH\Controllers\Admin\UsuariosController.php(142): view('usuarios/edit', [...])
 4 SYSTEMPATH\CodeIgniter.php(927): App\Controllers\Admin\UsuariosController->edit('3')
 5 SYSTEMPATH\CodeIgniter.php(482): CodeIgniter\CodeIgniter->runController(Object(App\Controllers\Admin\UsuariosController))
 6 SYSTEMPATH\CodeIgniter.php(351): CodeIgniter\CodeIgniter->handleRequest(null, Object(Config\Cache), false)
 7 FCPATH\index.php(67): CodeIgniter\CodeIgniter->run()
 8 SYSTEMPATH\Commands\Server\rewrite.php(46): require_once('FCPATH\\index.php')
CRITICAL - 2022-11-20 13:39:21 --> Unmatched ')'
in APPPATH\Views\usuarios\edit.php on line 12.
 1 SYSTEMPATH\View\View.php(216): CodeIgniter\View\View->CodeIgniter\View\{closure}()
 2 SYSTEMPATH\Common.php(1134): CodeIgniter\View\View->render('usuarios/edit', [], true)
 3 APPPATH\Controllers\Admin\UsuariosController.php(142): view('usuarios/edit', [...])
 4 SYSTEMPATH\CodeIgniter.php(927): App\Controllers\Admin\UsuariosController->edit('3')
 5 SYSTEMPATH\CodeIgniter.php(482): CodeIgniter\CodeIgniter->runController(Object(App\Controllers\Admin\UsuariosController))
 6 SYSTEMPATH\CodeIgniter.php(351): CodeIgniter\CodeIgniter->handleRequest(null, Object(Config\Cache), false)
 7 FCPATH\index.php(67): CodeIgniter\CodeIgniter->run()
 8 SYSTEMPATH\Commands\Server\rewrite.php(46): require_once('FCPATH\\index.php')
CRITICAL - 2022-11-20 13:39:37 --> Unmatched ')'
in APPPATH\Views\usuarios\edit.php on line 12.
 1 SYSTEMPATH\View\View.php(216): CodeIgniter\View\View->CodeIgniter\View\{closure}()
 2 SYSTEMPATH\Common.php(1134): CodeIgniter\View\View->render('usuarios/edit', [], true)
 3 APPPATH\Controllers\Admin\UsuariosController.php(142): view('usuarios/edit', [...])
 4 SYSTEMPATH\CodeIgniter.php(927): App\Controllers\Admin\UsuariosController->edit('3')
 5 SYSTEMPATH\CodeIgniter.php(482): CodeIgniter\CodeIgniter->runController(Object(App\Controllers\Admin\UsuariosController))
 6 SYSTEMPATH\CodeIgniter.php(351): CodeIgniter\CodeIgniter->handleRequest(null, Object(Config\Cache), false)
 7 FCPATH\index.php(67): CodeIgniter\CodeIgniter->run()
 8 SYSTEMPATH\Commands\Server\rewrite.php(46): require_once('FCPATH\\index.php')
CRITICAL - 2022-11-20 13:40:41 --> Undefined variable $usuario
in APPPATH\Views\usuarios\edit.php on line 12.
 1 APPPATH\Views\usuarios\edit.php(12): CodeIgniter\Debug\Exceptions->errorHandler(2, 'Undefined variable $usuario', 'APPPATH\\Views\\usuarios\\edit.php', 12)
 2 SYSTEMPATH\View\View.php(213): include('APPPATH\\Views\\usuarios\\edit.php')
 3 SYSTEMPATH\View\View.php(216): CodeIgniter\View\View->CodeIgniter\View\{closure}()
 4 SYSTEMPATH\Common.php(1134): CodeIgniter\View\View->render('usuarios/edit', [], true)
 5 APPPATH\Controllers\Admin\UsuariosController.php(171): view('usuarios/edit', [...])
 6 SYSTEMPATH\CodeIgniter.php(927): App\Controllers\Admin\UsuariosController->update('3')
 7 SYSTEMPATH\CodeIgniter.php(482): CodeIgniter\CodeIgniter->runController(Object(App\Controllers\Admin\UsuariosController))
 8 SYSTEMPATH\CodeIgniter.php(351): CodeIgniter\CodeIgniter->handleRequest(null, Object(Config\Cache), false)
 9 FCPATH\index.php(67): CodeIgniter\CodeIgniter->run()
10 SYSTEMPATH\Commands\Server\rewrite.php(46): require_once('FCPATH\\index.php')
CRITICAL - 2022-11-20 13:40:58 --> Undefined variable $id
in APPPATH\Views\usuarios\edit.php on line 12.
 1 APPPATH\Views\usuarios\edit.php(12): CodeIgniter\Debug\Exceptions->errorHandler(2, 'Undefined variable $id', 'APPPATH\\Views\\usuarios\\edit.php', 12)
 2 SYSTEMPATH\View\View.php(213): include('APPPATH\\Views\\usuarios\\edit.php')
 3 SYSTEMPATH\View\View.php(216): CodeIgniter\View\View->CodeIgniter\View\{closure}()
 4 SYSTEMPATH\Common.php(1134): CodeIgniter\View\View->render('usuarios/edit', [], true)
 5 APPPATH\Controllers\Admin\UsuariosController.php(171): view('usuarios/edit', [...])
 6 SYSTEMPATH\CodeIgniter.php(927): App\Controllers\Admin\UsuariosController->update('3')
 7 SYSTEMPATH\CodeIgniter.php(482): CodeIgniter\CodeIgniter->runController(Object(App\Controllers\Admin\UsuariosController))
 8 SYSTEMPATH\CodeIgniter.php(351): CodeIgniter\CodeIgniter->handleRequest(null, Object(Config\Cache), false)
 9 FCPATH\index.php(67): CodeIgniter\CodeIgniter->run()
10 SYSTEMPATH\Commands\Server\rewrite.php(46): require_once('FCPATH\\index.php')
CRITICAL - 2022-11-20 13:44:05 --> Undefined variable $usuario
in APPPATH\Views\usuarios\edit.php on line 13.
 1 APPPATH\Views\usuarios\edit.php(13): CodeIgniter\Debug\Exceptions->errorHandler(2, 'Undefined variable $usuario', 'APPPATH\\Views\\usuarios\\edit.php', 13)
 2 SYSTEMPATH\View\View.php(213): include('APPPATH\\Views\\usuarios\\edit.php')
 3 SYSTEMPATH\View\View.php(216): CodeIgniter\View\View->CodeIgniter\View\{closure}()
 4 SYSTEMPATH\Common.php(1134): CodeIgniter\View\View->render('usuarios/edit', [], true)
 5 APPPATH\Controllers\Admin\UsuariosController.php(171): view('usuarios/edit', [...])
 6 SYSTEMPATH\CodeIgniter.php(927): App\Controllers\Admin\UsuariosController->update('3')
 7 SYSTEMPATH\CodeIgniter.php(482): CodeIgniter\CodeIgniter->runController(Object(App\Controllers\Admin\UsuariosController))
 8 SYSTEMPATH\CodeIgniter.php(351): CodeIgniter\CodeIgniter->handleRequest(null, Object(Config\Cache), false)
 9 FCPATH\index.php(67): CodeIgniter\CodeIgniter->run()
10 SYSTEMPATH\Commands\Server\rewrite.php(46): require_once('FCPATH\\index.php')
CRITICAL - 2022-11-20 13:44:17 --> Undefined variable $usuario
in APPPATH\Views\usuarios\edit.php on line 13.
 1 APPPATH\Views\usuarios\edit.php(13): CodeIgniter\Debug\Exceptions->errorHandler(2, 'Undefined variable $usuario', 'APPPATH\\Views\\usuarios\\edit.php', 13)
 2 SYSTEMPATH\View\View.php(213): include('APPPATH\\Views\\usuarios\\edit.php')
 3 SYSTEMPATH\View\View.php(216): CodeIgniter\View\View->CodeIgniter\View\{closure}()
 4 SYSTEMPATH\Common.php(1134): CodeIgniter\View\View->render('usuarios/edit', [], true)
 5 APPPATH\Controllers\Admin\UsuariosController.php(171): view('usuarios/edit', [...])
 6 SYSTEMPATH\CodeIgniter.php(927): App\Controllers\Admin\UsuariosController->update('3')
 7 SYSTEMPATH\CodeIgniter.php(482): CodeIgniter\CodeIgniter->runController(Object(App\Controllers\Admin\UsuariosController))
 8 SYSTEMPATH\CodeIgniter.php(351): CodeIgniter\CodeIgniter->handleRequest(null, Object(Config\Cache), false)
 9 FCPATH\index.php(67): CodeIgniter\CodeIgniter->run()
10 SYSTEMPATH\Commands\Server\rewrite.php(46): require_once('FCPATH\\index.php')
CRITICAL - 2022-11-20 13:47:50 --> Undefined variable $usuario
in APPPATH\Views\usuarios\edit.php on line 13.
 1 APPPATH\Views\usuarios\edit.php(13): CodeIgniter\Debug\Exceptions->errorHandler(2, 'Undefined variable $usuario', 'APPPATH\\Views\\usuarios\\edit.php', 13)
 2 SYSTEMPATH\View\View.php(213): include('APPPATH\\Views\\usuarios\\edit.php')
 3 SYSTEMPATH\View\View.php(216): CodeIgniter\View\View->CodeIgniter\View\{closure}()
 4 SYSTEMPATH\Common.php(1134): CodeIgniter\View\View->render('usuarios/edit', [], true)
 5 APPPATH\Controllers\Admin\UsuariosController.php(171): view('usuarios/edit', [...])
 6 SYSTEMPATH\CodeIgniter.php(927): App\Controllers\Admin\UsuariosController->update('3')
 7 SYSTEMPATH\CodeIgniter.php(482): CodeIgniter\CodeIgniter->runController(Object(App\Controllers\Admin\UsuariosController))
 8 SYSTEMPATH\CodeIgniter.php(351): CodeIgniter\CodeIgniter->handleRequest(null, Object(Config\Cache), false)
 9 FCPATH\index.php(67): CodeIgniter\CodeIgniter->run()
10 SYSTEMPATH\Commands\Server\rewrite.php(46): require_once('FCPATH\\index.php')
CRITICAL - 2022-11-20 13:48:06 --> Undefined variable $usuario
in APPPATH\Views\usuarios\edit.php on line 13.
 1 APPPATH\Views\usuarios\edit.php(13): CodeIgniter\Debug\Exceptions->errorHandler(2, 'Undefined variable $usuario', 'APPPATH\\Views\\usuarios\\edit.php', 13)
 2 SYSTEMPATH\View\View.php(213): include('APPPATH\\Views\\usuarios\\edit.php')
 3 SYSTEMPATH\View\View.php(216): CodeIgniter\View\View->CodeIgniter\View\{closure}()
 4 SYSTEMPATH\Common.php(1134): CodeIgniter\View\View->render('usuarios/edit', [], true)
 5 APPPATH\Controllers\Admin\UsuariosController.php(171): view('usuarios/edit', [...])
 6 SYSTEMPATH\CodeIgniter.php(927): App\Controllers\Admin\UsuariosController->update('3')
 7 SYSTEMPATH\CodeIgniter.php(482): CodeIgniter\CodeIgniter->runController(Object(App\Controllers\Admin\UsuariosController))
 8 SYSTEMPATH\CodeIgniter.php(351): CodeIgniter\CodeIgniter->handleRequest(null, Object(Config\Cache), false)
 9 FCPATH\index.php(67): CodeIgniter\CodeIgniter->run()
10 SYSTEMPATH\Commands\Server\rewrite.php(46): require_once('FCPATH\\index.php')
CRITICAL - 2022-11-20 13:48:57 --> Undefined variable $usuario
in APPPATH\Views\usuarios\edit.php on line 13.
 1 APPPATH\Views\usuarios\edit.php(13): CodeIgniter\Debug\Exceptions->errorHandler(2, 'Undefined variable $usuario', 'APPPATH\\Views\\usuarios\\edit.php', 13)
 2 SYSTEMPATH\View\View.php(213): include('APPPATH\\Views\\usuarios\\edit.php')
 3 SYSTEMPATH\View\View.php(216): CodeIgniter\View\View->CodeIgniter\View\{closure}()
 4 SYSTEMPATH\Common.php(1134): CodeIgniter\View\View->render('usuarios/edit', [], true)
 5 APPPATH\Controllers\Admin\UsuariosController.php(171): view('usuarios/edit', [...])
 6 SYSTEMPATH\CodeIgniter.php(927): App\Controllers\Admin\UsuariosController->update('3')
 7 SYSTEMPATH\CodeIgniter.php(482): CodeIgniter\CodeIgniter->runController(Object(App\Controllers\Admin\UsuariosController))
 8 SYSTEMPATH\CodeIgniter.php(351): CodeIgniter\CodeIgniter->handleRequest(null, Object(Config\Cache), false)
 9 FCPATH\index.php(67): CodeIgniter\CodeIgniter->run()
10 SYSTEMPATH\Commands\Server\rewrite.php(46): require_once('FCPATH\\index.php')
CRITICAL - 2022-11-20 17:28:39 --> fwrite(): Write of 76 bytes failed with errno=22 Invalid argument
in SYSTEMPATH\CLI\CLI.php on line 1013.
 1 [internal function]: CodeIgniter\Debug\Exceptions->errorHandler(8, 'fwrite(): Write of 76 bytes failed with errno=22 Invalid argument', 'SYSTEMPATH\\CLI\\CLI.php', 1013)
 2 SYSTEMPATH\CLI\CLI.php(1013): fwrite(resource (stream), '[0;32mCodeIgniter development server started on http://localhost:8081[0m
')
 3 SYSTEMPATH\CLI\CLI.php(364): CodeIgniter\CLI\CLI::fwrite(resource (stream), '[0;32mCodeIgniter development server started on http://localhost:8081[0m
')
 4 SYSTEMPATH\Commands\Server\Serve.php(97): CodeIgniter\CLI\CLI::write('[0;32mCodeIgniter development server started on http://localhost:8081[0m', 'green')
 5 SYSTEMPATH\Commands\Server\Serve.php(114): CodeIgniter\Commands\Server\Serve->run([])
 6 SYSTEMPATH\CLI\Commands.php(63): CodeIgniter\Commands\Server\Serve->run([])
 7 SYSTEMPATH\CLI\CommandRunner.php(65): CodeIgniter\CLI\Commands->run('serve', [])
 8 SYSTEMPATH\CLI\CommandRunner.php(51): CodeIgniter\CLI\CommandRunner->index([])
 9 SYSTEMPATH\CodeIgniter.php(920): CodeIgniter\CLI\CommandRunner->_remap('index', [...])
10 SYSTEMPATH\CodeIgniter.php(482): CodeIgniter\CodeIgniter->runController(Object(CodeIgniter\CLI\CommandRunner))
11 SYSTEMPATH\CodeIgniter.php(347): CodeIgniter\CodeIgniter->handleRequest(null, Object(Config\Cache), false)
12 SYSTEMPATH\CLI\Console.php(48): CodeIgniter\CodeIgniter->run()
13 ROOTPATH\spark(98): CodeIgniter\CLI\Console->run()
CRITICAL - 2022-11-20 17:28:39 --> Uncaught ErrorException: fwrite(): Write of 2 bytes failed with errno=22 Invalid argument in F:\projects\itst\stickets2\vendor\codeigniter4\framework\system\CLI\CLI.php:1013
Stack trace:
#0 [internal function]: CodeIgniter\Debug\Exceptions->errorHandler(8, 'fwrite(): Write...', 'F:\\projects\\its...', 1013)
#1 F:\projects\itst\stickets2\vendor\codeigniter4\framework\system\CLI\CLI.php(1013): fwrite(Resource id #2, '\r\n')
#2 F:\projects\itst\stickets2\vendor\codeigniter4\framework\system\CLI\CLI.php(364): CodeIgniter\CLI\CLI::fwrite(Resource id #2, '\r\n')
#3 F:\projects\itst\stickets2\vendor\codeigniter4\framework\system\CLI\CLI.php(441): CodeIgniter\CLI\CLI::write()
#4 F:\projects\itst\stickets2\app\Views\errors\cli\error_exception.php(6): CodeIgniter\CLI\CLI::newLine()
#5 F:\projects\itst\stickets2\vendor\codeigniter4\framework\system\Debug\Exceptions.php(284): include('F:\\projects\\its...')
#6 F:\projects\itst\stickets2\vendor\codeigniter4\framework\system\Debug\Exceptions.php(287): CodeIgniter\Debug\Exceptions->CodeIgniter\Debug\{closure}()
#7 F:\projects\itst\stickets2\vendor\codeigniter4\framework\system\Debug\Exceptions.php(139): CodeIgniter\Debug\Exceptions->render(Object(ErrorException), 500)
#8 [internal function]: CodeIgniter\Debug\Exceptions->exceptionHandler(Object(ErrorException))
#9 {main}
  thrown
in SYSTEMPATH\CLI\CLI.php on line 1013.
 1 [internal function]: CodeIgniter\Debug\Exceptions->shutdownHandler()
CRITICAL - 2022-11-20 20:52:54 --> Undefined property: App\Controllers\Admin\UsuariosController::$usuario
in APPPATH\Controllers\Admin\UsuariosController.php on line 175.
 1 APPPATH\Controllers\Admin\UsuariosController.php(175): CodeIgniter\Debug\Exceptions->errorHandler(2, 'Undefined property: App\\Controllers\\Admin\\UsuariosController::$usuario', 'APPPATH\\Controllers\\Admin\\UsuariosController.php', 175)
 2 SYSTEMPATH\CodeIgniter.php(927): App\Controllers\Admin\UsuariosController->update('2')
 3 SYSTEMPATH\CodeIgniter.php(482): CodeIgniter\CodeIgniter->runController(Object(App\Controllers\Admin\UsuariosController))
 4 SYSTEMPATH\CodeIgniter.php(351): CodeIgniter\CodeIgniter->handleRequest(null, Object(Config\Cache), false)
 5 FCPATH\index.php(67): CodeIgniter\CodeIgniter->run()
 6 SYSTEMPATH\Commands\Server\rewrite.php(46): require_once('FCPATH\\index.php')
CRITICAL - 2022-11-20 21:03:41 --> Undefined variable $title
in APPPATH\Views\usuarios\show.php on line 8.
 1 APPPATH\Views\usuarios\show.php(8): CodeIgniter\Debug\Exceptions->errorHandler(2, 'Undefined variable $title', 'APPPATH\\Views\\usuarios\\show.php', 8)
 2 SYSTEMPATH\View\View.php(213): include('APPPATH\\Views\\usuarios\\show.php')
 3 SYSTEMPATH\View\View.php(216): CodeIgniter\View\View->CodeIgniter\View\{closure}()
 4 SYSTEMPATH\Common.php(1134): CodeIgniter\View\View->render('usuarios/show', [], true)
 5 APPPATH\Controllers\Admin\UsuariosController.php(57): view('usuarios/show', [...])
 6 SYSTEMPATH\CodeIgniter.php(927): App\Controllers\Admin\UsuariosController->show('2')
 7 SYSTEMPATH\CodeIgniter.php(482): CodeIgniter\CodeIgniter->runController(Object(App\Controllers\Admin\UsuariosController))
 8 SYSTEMPATH\CodeIgniter.php(351): CodeIgniter\CodeIgniter->handleRequest(null, Object(Config\Cache), false)
 9 FCPATH\index.php(67): CodeIgniter\CodeIgniter->run()
10 SYSTEMPATH\Commands\Server\rewrite.php(46): require_once('FCPATH\\index.php')
CRITICAL - 2022-11-20 21:04:40 --> Undefined variable $title
in APPPATH\Views\usuarios\show.php on line 8.
 1 APPPATH\Views\usuarios\show.php(8): CodeIgniter\Debug\Exceptions->errorHandler(2, 'Undefined variable $title', 'APPPATH\\Views\\usuarios\\show.php', 8)
 2 SYSTEMPATH\View\View.php(213): include('APPPATH\\Views\\usuarios\\show.php')
 3 SYSTEMPATH\View\View.php(216): CodeIgniter\View\View->CodeIgniter\View\{closure}()
 4 SYSTEMPATH\Common.php(1134): CodeIgniter\View\View->render('usuarios/show', [], true)
 5 APPPATH\Controllers\Admin\UsuariosController.php(62): view('usuarios/show', [...])
 6 SYSTEMPATH\CodeIgniter.php(927): App\Controllers\Admin\UsuariosController->show('2')
 7 SYSTEMPATH\CodeIgniter.php(482): CodeIgniter\CodeIgniter->runController(Object(App\Controllers\Admin\UsuariosController))
 8 SYSTEMPATH\CodeIgniter.php(351): CodeIgniter\CodeIgniter->handleRequest(null, Object(Config\Cache), false)
 9 FCPATH\index.php(67): CodeIgniter\CodeIgniter->run()
10 SYSTEMPATH\Commands\Server\rewrite.php(46): require_once('FCPATH\\index.php')
CRITICAL - 2022-11-20 21:04:46 --> Undefined variable $title
in APPPATH\Views\usuarios\show.php on line 8.
 1 APPPATH\Views\usuarios\show.php(8): CodeIgniter\Debug\Exceptions->errorHandler(2, 'Undefined variable $title', 'APPPATH\\Views\\usuarios\\show.php', 8)
 2 SYSTEMPATH\View\View.php(213): include('APPPATH\\Views\\usuarios\\show.php')
 3 SYSTEMPATH\View\View.php(216): CodeIgniter\View\View->CodeIgniter\View\{closure}()
 4 SYSTEMPATH\Common.php(1134): CodeIgniter\View\View->render('usuarios/show', [], true)
 5 APPPATH\Controllers\Admin\UsuariosController.php(62): view('usuarios/show', [...])
 6 SYSTEMPATH\CodeIgniter.php(927): App\Controllers\Admin\UsuariosController->show('2')
 7 SYSTEMPATH\CodeIgniter.php(482): CodeIgniter\CodeIgniter->runController(Object(App\Controllers\Admin\UsuariosController))
 8 SYSTEMPATH\CodeIgniter.php(351): CodeIgniter\CodeIgniter->handleRequest(null, Object(Config\Cache), false)
 9 FCPATH\index.php(67): CodeIgniter\CodeIgniter->run()
10 SYSTEMPATH\Commands\Server\rewrite.php(46): require_once('FCPATH\\index.php')
CRITICAL - 2022-11-20 21:05:04 --> Undefined variable $post
in APPPATH\Views\usuarios\show.php on line 26.
 1 APPPATH\Views\usuarios\show.php(26): CodeIgniter\Debug\Exceptions->errorHandler(2, 'Undefined variable $post', 'APPPATH\\Views\\usuarios\\show.php', 26)
 2 SYSTEMPATH\View\View.php(213): include('APPPATH\\Views\\usuarios\\show.php')
 3 SYSTEMPATH\View\View.php(216): CodeIgniter\View\View->CodeIgniter\View\{closure}()
 4 SYSTEMPATH\Common.php(1134): CodeIgniter\View\View->render('usuarios/show', [], true)
 5 APPPATH\Controllers\Admin\UsuariosController.php(62): view('usuarios/show', [...])
 6 SYSTEMPATH\CodeIgniter.php(927): App\Controllers\Admin\UsuariosController->show('2')
 7 SYSTEMPATH\CodeIgniter.php(482): CodeIgniter\CodeIgniter->runController(Object(App\Controllers\Admin\UsuariosController))
 8 SYSTEMPATH\CodeIgniter.php(351): CodeIgniter\CodeIgniter->handleRequest(null, Object(Config\Cache), false)
 9 FCPATH\index.php(67): CodeIgniter\CodeIgniter->run()
10 SYSTEMPATH\Commands\Server\rewrite.php(46): require_once('FCPATH\\index.php')
CRITICAL - 2022-11-20 21:05:36 --> Undefined variable $post
in APPPATH\Views\usuarios\show.php on line 82.
 1 APPPATH\Views\usuarios\show.php(82): CodeIgniter\Debug\Exceptions->errorHandler(2, 'Undefined variable $post', 'APPPATH\\Views\\usuarios\\show.php', 82)
 2 SYSTEMPATH\View\View.php(213): include('APPPATH\\Views\\usuarios\\show.php')
 3 SYSTEMPATH\View\View.php(216): CodeIgniter\View\View->CodeIgniter\View\{closure}()
 4 SYSTEMPATH\Common.php(1134): CodeIgniter\View\View->render('usuarios/show', [], true)
 5 APPPATH\Controllers\Admin\UsuariosController.php(62): view('usuarios/show', [...])
 6 SYSTEMPATH\CodeIgniter.php(927): App\Controllers\Admin\UsuariosController->show('2')
 7 SYSTEMPATH\CodeIgniter.php(482): CodeIgniter\CodeIgniter->runController(Object(App\Controllers\Admin\UsuariosController))
 8 SYSTEMPATH\CodeIgniter.php(351): CodeIgniter\CodeIgniter->handleRequest(null, Object(Config\Cache), false)
 9 FCPATH\index.php(67): CodeIgniter\CodeIgniter->run()
10 SYSTEMPATH\Commands\Server\rewrite.php(46): require_once('FCPATH\\index.php')
CRITICAL - 2022-11-20 21:05:53 --> Undefined array key "perfil"
in APPPATH\Views\usuarios\show.php on line 89.
 1 APPPATH\Views\usuarios\show.php(89): CodeIgniter\Debug\Exceptions->errorHandler(2, 'Undefined array key "perfil"', 'APPPATH\\Views\\usuarios\\show.php', 89)
 2 SYSTEMPATH\View\View.php(213): include('APPPATH\\Views\\usuarios\\show.php')
 3 SYSTEMPATH\View\View.php(216): CodeIgniter\View\View->CodeIgniter\View\{closure}()
 4 SYSTEMPATH\Common.php(1134): CodeIgniter\View\View->render('usuarios/show', [], true)
 5 APPPATH\Controllers\Admin\UsuariosController.php(62): view('usuarios/show', [...])
 6 SYSTEMPATH\CodeIgniter.php(927): App\Controllers\Admin\UsuariosController->show('2')
 7 SYSTEMPATH\CodeIgniter.php(482): CodeIgniter\CodeIgniter->runController(Object(App\Controllers\Admin\UsuariosController))
 8 SYSTEMPATH\CodeIgniter.php(351): CodeIgniter\CodeIgniter->handleRequest(null, Object(Config\Cache), false)
 9 FCPATH\index.php(67): CodeIgniter\CodeIgniter->run()
10 SYSTEMPATH\Commands\Server\rewrite.php(46): require_once('FCPATH\\index.php')
CRITICAL - 2022-11-20 21:16:22 --> Undefined property: App\Controllers\Admin\UsuariosController::$usuario
in APPPATH\Controllers\Admin\UsuariosController.php on line 185.
 1 APPPATH\Controllers\Admin\UsuariosController.php(185): CodeIgniter\Debug\Exceptions->errorHandler(2, 'Undefined property: App\\Controllers\\Admin\\UsuariosController::$usuario', 'APPPATH\\Controllers\\Admin\\UsuariosController.php', 185)
 2 SYSTEMPATH\CodeIgniter.php(927): App\Controllers\Admin\UsuariosController->update('2')
 3 SYSTEMPATH\CodeIgniter.php(482): CodeIgniter\CodeIgniter->runController(Object(App\Controllers\Admin\UsuariosController))
 4 SYSTEMPATH\CodeIgniter.php(351): CodeIgniter\CodeIgniter->handleRequest(null, Object(Config\Cache), false)
 5 FCPATH\index.php(67): CodeIgniter\CodeIgniter->run()
 6 SYSTEMPATH\Commands\Server\rewrite.php(46): require_once('FCPATH\\index.php')
CRITICAL - 2022-11-20 21:17:13 --> Undefined variable $usuario
in APPPATH\Views\usuarios\edit.php on line 13.
 1 APPPATH\Views\usuarios\edit.php(13): CodeIgniter\Debug\Exceptions->errorHandler(2, 'Undefined variable $usuario', 'APPPATH\\Views\\usuarios\\edit.php', 13)
 2 SYSTEMPATH\View\View.php(213): include('APPPATH\\Views\\usuarios\\edit.php')
 3 SYSTEMPATH\View\View.php(216): CodeIgniter\View\View->CodeIgniter\View\{closure}()
 4 SYSTEMPATH\Common.php(1134): CodeIgniter\View\View->render('usuarios/edit', [], true)
 5 APPPATH\Controllers\Admin\UsuariosController.php(181): view('usuarios/edit', [...])
 6 SYSTEMPATH\CodeIgniter.php(927): App\Controllers\Admin\UsuariosController->update('2')
 7 SYSTEMPATH\CodeIgniter.php(482): CodeIgniter\CodeIgniter->runController(Object(App\Controllers\Admin\UsuariosController))
 8 SYSTEMPATH\CodeIgniter.php(351): CodeIgniter\CodeIgniter->handleRequest(null, Object(Config\Cache), false)
 9 FCPATH\index.php(67): CodeIgniter\CodeIgniter->run()
10 SYSTEMPATH\Commands\Server\rewrite.php(46): require_once('FCPATH\\index.php')
CRITICAL - 2022-11-20 21:18:41 --> Undefined variable $usuario
in APPPATH\Views\usuarios\edit.php on line 13.
 1 APPPATH\Views\usuarios\edit.php(13): CodeIgniter\Debug\Exceptions->errorHandler(2, 'Undefined variable $usuario', 'APPPATH\\Views\\usuarios\\edit.php', 13)
 2 SYSTEMPATH\View\View.php(213): include('APPPATH\\Views\\usuarios\\edit.php')
 3 SYSTEMPATH\View\View.php(216): CodeIgniter\View\View->CodeIgniter\View\{closure}()
 4 SYSTEMPATH\Common.php(1134): CodeIgniter\View\View->render('usuarios/edit', [], true)
 5 APPPATH\Controllers\Admin\UsuariosController.php(181): view('usuarios/edit', [...])
 6 SYSTEMPATH\CodeIgniter.php(927): App\Controllers\Admin\UsuariosController->update('2')
 7 SYSTEMPATH\CodeIgniter.php(482): CodeIgniter\CodeIgniter->runController(Object(App\Controllers\Admin\UsuariosController))
 8 SYSTEMPATH\CodeIgniter.php(351): CodeIgniter\CodeIgniter->handleRequest(null, Object(Config\Cache), false)
 9 FCPATH\index.php(67): CodeIgniter\CodeIgniter->run()
10 SYSTEMPATH\Commands\Server\rewrite.php(46): require_once('FCPATH\\index.php')
CRITICAL - 2022-11-20 21:19:08 --> Undefined variable $usuario
in APPPATH\Views\usuarios\edit.php on line 13.
 1 APPPATH\Views\usuarios\edit.php(13): CodeIgniter\Debug\Exceptions->errorHandler(2, 'Undefined variable $usuario', 'APPPATH\\Views\\usuarios\\edit.php', 13)
 2 SYSTEMPATH\View\View.php(213): include('APPPATH\\Views\\usuarios\\edit.php')
 3 SYSTEMPATH\View\View.php(216): CodeIgniter\View\View->CodeIgniter\View\{closure}()
 4 SYSTEMPATH\Common.php(1134): CodeIgniter\View\View->render('usuarios/edit', [], true)
 5 APPPATH\Controllers\Admin\UsuariosController.php(181): view('usuarios/edit', [...])
 6 SYSTEMPATH\CodeIgniter.php(927): App\Controllers\Admin\UsuariosController->update('2')
 7 SYSTEMPATH\CodeIgniter.php(482): CodeIgniter\CodeIgniter->runController(Object(App\Controllers\Admin\UsuariosController))
 8 SYSTEMPATH\CodeIgniter.php(351): CodeIgniter\CodeIgniter->handleRequest(null, Object(Config\Cache), false)
 9 FCPATH\index.php(67): CodeIgniter\CodeIgniter->run()
10 SYSTEMPATH\Commands\Server\rewrite.php(46): require_once('FCPATH\\index.php')
CRITICAL - 2022-11-20 21:20:00 --> There is no data to update.
in SYSTEMPATH\BaseModel.php on line 1598.
 1 SYSTEMPATH\BaseModel.php(1598): CodeIgniter\Database\Exceptions\DataException::forEmptyDataset('update')
 2 SYSTEMPATH\BaseModel.php(853): CodeIgniter\BaseModel->transformDataToArray(null, 'update')
 3 SYSTEMPATH\Model.php(693): CodeIgniter\BaseModel->update([...], null)
 4 APPPATH\Controllers\Admin\UsuariosController.php(193): CodeIgniter\Model->update([...])
 5 SYSTEMPATH\CodeIgniter.php(927): App\Controllers\Admin\UsuariosController->update('2')
 6 SYSTEMPATH\CodeIgniter.php(482): CodeIgniter\CodeIgniter->runController(Object(App\Controllers\Admin\UsuariosController))
 7 SYSTEMPATH\CodeIgniter.php(351): CodeIgniter\CodeIgniter->handleRequest(null, Object(Config\Cache), false)
 8 FCPATH\index.php(67): CodeIgniter\CodeIgniter->run()
 9 SYSTEMPATH\Commands\Server\rewrite.php(46): require_once('FCPATH\\index.php')
CRITICAL - 2022-11-20 21:26:37 --> Undefined variable $usuario
in APPPATH\Views\usuarios\edit.php on line 13.
 1 APPPATH\Views\usuarios\edit.php(13): CodeIgniter\Debug\Exceptions->errorHandler(2, 'Undefined variable $usuario', 'APPPATH\\Views\\usuarios\\edit.php', 13)
 2 SYSTEMPATH\View\View.php(213): include('APPPATH\\Views\\usuarios\\edit.php')
 3 SYSTEMPATH\View\View.php(216): CodeIgniter\View\View->CodeIgniter\View\{closure}()
 4 SYSTEMPATH\Common.php(1134): CodeIgniter\View\View->render('usuarios/edit', [], true)
 5 APPPATH\Controllers\Admin\UsuariosController.php(201): view('usuarios/edit', [...])
 6 SYSTEMPATH\CodeIgniter.php(927): App\Controllers\Admin\UsuariosController->update('4')
 7 SYSTEMPATH\CodeIgniter.php(482): CodeIgniter\CodeIgniter->runController(Object(App\Controllers\Admin\UsuariosController))
 8 SYSTEMPATH\CodeIgniter.php(351): CodeIgniter\CodeIgniter->handleRequest(null, Object(Config\Cache), false)
 9 FCPATH\index.php(67): CodeIgniter\CodeIgniter->run()
10 SYSTEMPATH\Commands\Server\rewrite.php(46): require_once('FCPATH\\index.php')
CRITICAL - 2022-11-20 21:29:18 --> Undefined variable $usuario
in APPPATH\Views\usuarios\edit.php on line 13.
 1 APPPATH\Views\usuarios\edit.php(13): CodeIgniter\Debug\Exceptions->errorHandler(2, 'Undefined variable $usuario', 'APPPATH\\Views\\usuarios\\edit.php', 13)
 2 SYSTEMPATH\View\View.php(213): include('APPPATH\\Views\\usuarios\\edit.php')
 3 SYSTEMPATH\View\View.php(216): CodeIgniter\View\View->CodeIgniter\View\{closure}()
 4 SYSTEMPATH\Common.php(1134): CodeIgniter\View\View->render('usuarios/edit', [], true)
 5 APPPATH\Controllers\Admin\UsuariosController.php(201): view('usuarios/edit', [...])
 6 SYSTEMPATH\CodeIgniter.php(927): App\Controllers\Admin\UsuariosController->update('4')
 7 SYSTEMPATH\CodeIgniter.php(482): CodeIgniter\CodeIgniter->runController(Object(App\Controllers\Admin\UsuariosController))
 8 SYSTEMPATH\CodeIgniter.php(351): CodeIgniter\CodeIgniter->handleRequest(null, Object(Config\Cache), false)
 9 FCPATH\index.php(67): CodeIgniter\CodeIgniter->run()
10 SYSTEMPATH\Commands\Server\rewrite.php(46): require_once('FCPATH\\index.php')
CRITICAL - 2022-11-20 21:29:30 --> There is no data to update.
in SYSTEMPATH\BaseModel.php on line 1598.
 1 SYSTEMPATH\BaseModel.php(1598): CodeIgniter\Database\Exceptions\DataException::forEmptyDataset('update')
 2 SYSTEMPATH\BaseModel.php(853): CodeIgniter\BaseModel->transformDataToArray(null, 'update')
 3 SYSTEMPATH\Model.php(693): CodeIgniter\BaseModel->update([...], null)
 4 APPPATH\Controllers\Admin\UsuariosController.php(213): CodeIgniter\Model->update([...])
 5 SYSTEMPATH\CodeIgniter.php(927): App\Controllers\Admin\UsuariosController->update('4')
 6 SYSTEMPATH\CodeIgniter.php(482): CodeIgniter\CodeIgniter->runController(Object(App\Controllers\Admin\UsuariosController))
 7 SYSTEMPATH\CodeIgniter.php(351): CodeIgniter\CodeIgniter->handleRequest(null, Object(Config\Cache), false)
 8 FCPATH\index.php(67): CodeIgniter\CodeIgniter->run()
 9 SYSTEMPATH\Commands\Server\rewrite.php(46): require_once('FCPATH\\index.php')
CRITICAL - 2022-11-20 21:31:12 --> compact(): Undefined variable $title
in APPPATH\Controllers\Admin\UsuariosController.php on line 158.
 1 [internal function]: CodeIgniter\Debug\Exceptions->errorHandler(2, 'compact(): Undefined variable $title', 'APPPATH\\Controllers\\Admin\\UsuariosController.php', 158)
 2 APPPATH\Controllers\Admin\UsuariosController.php(158): compact('title')
 3 SYSTEMPATH\CodeIgniter.php(927): App\Controllers\Admin\UsuariosController->edit('4')
 4 SYSTEMPATH\CodeIgniter.php(482): CodeIgniter\CodeIgniter->runController(Object(App\Controllers\Admin\UsuariosController))
 5 SYSTEMPATH\CodeIgniter.php(351): CodeIgniter\CodeIgniter->handleRequest(null, Object(Config\Cache), false)
 6 FCPATH\index.php(67): CodeIgniter\CodeIgniter->run()
 7 SYSTEMPATH\Commands\Server\rewrite.php(46): require_once('FCPATH\\index.php')
CRITICAL - 2022-11-20 21:31:30 --> Undefined variable $usuario
in APPPATH\Views\usuarios\edit.php on line 13.
 1 APPPATH\Views\usuarios\edit.php(13): CodeIgniter\Debug\Exceptions->errorHandler(2, 'Undefined variable $usuario', 'APPPATH\\Views\\usuarios\\edit.php', 13)
 2 SYSTEMPATH\View\View.php(213): include('APPPATH\\Views\\usuarios\\edit.php')
 3 SYSTEMPATH\View\View.php(216): CodeIgniter\View\View->CodeIgniter\View\{closure}()
 4 SYSTEMPATH\Common.php(1134): CodeIgniter\View\View->render('usuarios/edit', [], true)
 5 APPPATH\Controllers\Admin\UsuariosController.php(158): view('usuarios/edit', [...])
 6 SYSTEMPATH\CodeIgniter.php(927): App\Controllers\Admin\UsuariosController->edit('4')
 7 SYSTEMPATH\CodeIgniter.php(482): CodeIgniter\CodeIgniter->runController(Object(App\Controllers\Admin\UsuariosController))
 8 SYSTEMPATH\CodeIgniter.php(351): CodeIgniter\CodeIgniter->handleRequest(null, Object(Config\Cache), false)
 9 FCPATH\index.php(67): CodeIgniter\CodeIgniter->run()
10 SYSTEMPATH\Commands\Server\rewrite.php(46): require_once('FCPATH\\index.php')
CRITICAL - 2022-11-20 21:32:42 --> There is no data to update.
in SYSTEMPATH\BaseModel.php on line 1598.
 1 SYSTEMPATH\BaseModel.php(1598): CodeIgniter\Database\Exceptions\DataException::forEmptyDataset('update')
 2 SYSTEMPATH\BaseModel.php(853): CodeIgniter\BaseModel->transformDataToArray(null, 'update')
 3 SYSTEMPATH\Model.php(693): CodeIgniter\BaseModel->update([...], null)
 4 APPPATH\Controllers\Admin\UsuariosController.php(213): CodeIgniter\Model->update([...])
 5 SYSTEMPATH\CodeIgniter.php(927): App\Controllers\Admin\UsuariosController->update('4')
 6 SYSTEMPATH\CodeIgniter.php(482): CodeIgniter\CodeIgniter->runController(Object(App\Controllers\Admin\UsuariosController))
 7 SYSTEMPATH\CodeIgniter.php(351): CodeIgniter\CodeIgniter->handleRequest(null, Object(Config\Cache), false)
 8 FCPATH\index.php(67): CodeIgniter\CodeIgniter->run()
 9 SYSTEMPATH\Commands\Server\rewrite.php(46): require_once('FCPATH\\index.php')
CRITICAL - 2022-11-20 21:34:19 --> There is no data to update.
in SYSTEMPATH\BaseModel.php on line 1598.
 1 SYSTEMPATH\BaseModel.php(1598): CodeIgniter\Database\Exceptions\DataException::forEmptyDataset('update')
 2 SYSTEMPATH\BaseModel.php(853): CodeIgniter\BaseModel->transformDataToArray(null, 'update')
 3 SYSTEMPATH\Model.php(693): CodeIgniter\BaseModel->update([...], null)
 4 APPPATH\Controllers\Admin\UsuariosController.php(214): CodeIgniter\Model->update([...])
 5 SYSTEMPATH\CodeIgniter.php(927): App\Controllers\Admin\UsuariosController->update('4')
 6 SYSTEMPATH\CodeIgniter.php(482): CodeIgniter\CodeIgniter->runController(Object(App\Controllers\Admin\UsuariosController))
 7 SYSTEMPATH\CodeIgniter.php(351): CodeIgniter\CodeIgniter->handleRequest(null, Object(Config\Cache), false)
 8 FCPATH\index.php(67): CodeIgniter\CodeIgniter->run()
 9 SYSTEMPATH\Commands\Server\rewrite.php(46): require_once('FCPATH\\index.php')
CRITICAL - 2022-11-20 21:35:21 --> There is no data to update.
in SYSTEMPATH\BaseModel.php on line 1598.
 1 SYSTEMPATH\BaseModel.php(1598): CodeIgniter\Database\Exceptions\DataException::forEmptyDataset('update')
 2 SYSTEMPATH\BaseModel.php(853): CodeIgniter\BaseModel->transformDataToArray(null, 'update')
 3 SYSTEMPATH\Model.php(693): CodeIgniter\BaseModel->update([...], null)
 4 APPPATH\Controllers\Admin\UsuariosController.php(214): CodeIgniter\Model->update([...])
 5 SYSTEMPATH\CodeIgniter.php(927): App\Controllers\Admin\UsuariosController->update('4')
 6 SYSTEMPATH\CodeIgniter.php(482): CodeIgniter\CodeIgniter->runController(Object(App\Controllers\Admin\UsuariosController))
 7 SYSTEMPATH\CodeIgniter.php(351): CodeIgniter\CodeIgniter->handleRequest(null, Object(Config\Cache), false)
 8 FCPATH\index.php(67): CodeIgniter\CodeIgniter->run()
 9 SYSTEMPATH\Commands\Server\rewrite.php(46): require_once('FCPATH\\index.php')
CRITICAL - 2022-11-20 21:35:29 --> There is no data to update.
in SYSTEMPATH\BaseModel.php on line 1598.
 1 SYSTEMPATH\BaseModel.php(1598): CodeIgniter\Database\Exceptions\DataException::forEmptyDataset('update')
 2 SYSTEMPATH\BaseModel.php(853): CodeIgniter\BaseModel->transformDataToArray(null, 'update')
 3 SYSTEMPATH\Model.php(693): CodeIgniter\BaseModel->update([...], null)
 4 APPPATH\Controllers\Admin\UsuariosController.php(214): CodeIgniter\Model->update([...])
 5 SYSTEMPATH\CodeIgniter.php(927): App\Controllers\Admin\UsuariosController->update('4')
 6 SYSTEMPATH\CodeIgniter.php(482): CodeIgniter\CodeIgniter->runController(Object(App\Controllers\Admin\UsuariosController))
 7 SYSTEMPATH\CodeIgniter.php(351): CodeIgniter\CodeIgniter->handleRequest(null, Object(Config\Cache), false)
 8 FCPATH\index.php(67): CodeIgniter\CodeIgniter->run()
 9 SYSTEMPATH\Commands\Server\rewrite.php(46): require_once('FCPATH\\index.php')
CRITICAL - 2022-11-20 21:36:43 --> There is no data to update.
in SYSTEMPATH\BaseModel.php on line 1598.
 1 SYSTEMPATH\BaseModel.php(1598): CodeIgniter\Database\Exceptions\DataException::forEmptyDataset('update')
 2 SYSTEMPATH\BaseModel.php(853): CodeIgniter\BaseModel->transformDataToArray(null, 'update')
 3 SYSTEMPATH\Model.php(693): CodeIgniter\BaseModel->update([...], null)
 4 APPPATH\Controllers\Admin\UsuariosController.php(214): CodeIgniter\Model->update([...])
 5 SYSTEMPATH\CodeIgniter.php(927): App\Controllers\Admin\UsuariosController->update('4')
 6 SYSTEMPATH\CodeIgniter.php(482): CodeIgniter\CodeIgniter->runController(Object(App\Controllers\Admin\UsuariosController))
 7 SYSTEMPATH\CodeIgniter.php(351): CodeIgniter\CodeIgniter->handleRequest(null, Object(Config\Cache), false)
 8 FCPATH\index.php(67): CodeIgniter\CodeIgniter->run()
 9 SYSTEMPATH\Commands\Server\rewrite.php(46): require_once('FCPATH\\index.php')
ERROR - 2022-11-20 21:42:45 --> mysqli_sql_exception: Cannot delete or update a parent row: a foreign key constraint fails (`stickets3`.`tickets`, CONSTRAINT `tickets_usuario_foreign` FOREIGN KEY (`usuario`) REFERENCES `users` (`id`)) in F:\projects\itst\stickets3\vendor\codeigniter4\framework\system\Database\MySQLi\Connection.php:292
Stack trace:
#0 F:\projects\itst\stickets3\vendor\codeigniter4\framework\system\Database\MySQLi\Connection.php(292): mysqli->query('DELETE FROM `us...', 0)
#1 F:\projects\itst\stickets3\vendor\codeigniter4\framework\system\Database\BaseConnection.php(666): CodeIgniter\Database\MySQLi\Connection->execute('DELETE FROM `us...')
#2 F:\projects\itst\stickets3\vendor\codeigniter4\framework\system\Database\BaseConnection.php(593): CodeIgniter\Database\BaseConnection->simpleQuery('DELETE FROM `us...')
#3 F:\projects\itst\stickets3\vendor\codeigniter4\framework\system\Database\BaseBuilder.php(2391): CodeIgniter\Database\BaseConnection->query('DELETE FROM `us...', Array, false)
#4 F:\projects\itst\stickets3\vendor\codeigniter4\framework\system\Model.php(401): CodeIgniter\Database\BaseBuilder->delete()
#5 F:\projects\itst\stickets3\vendor\codeigniter4\framework\system\BaseModel.php(984): CodeIgniter\Model->doDelete(Array, false)
#6 F:\projects\itst\stickets3\app\Controllers\Admin\UsuariosController.php(228): CodeIgniter\BaseModel->delete(Array)
#7 F:\projects\itst\stickets3\vendor\codeigniter4\framework\system\CodeIgniter.php(927): App\Controllers\Admin\UsuariosController->delete('2')
#8 F:\projects\itst\stickets3\vendor\codeigniter4\framework\system\CodeIgniter.php(482): CodeIgniter\CodeIgniter->runController(Object(App\Controllers\Admin\UsuariosController))
#9 F:\projects\itst\stickets3\vendor\codeigniter4\framework\system\CodeIgniter.php(351): CodeIgniter\CodeIgniter->handleRequest(NULL, Object(Config\Cache), false)
#10 F:\projects\itst\stickets3\public\index.php(67): CodeIgniter\CodeIgniter->run()
#11 F:\projects\itst\stickets3\vendor\codeigniter4\framework\system\Commands\Server\rewrite.php(46): require_once('F:\\projects\\its...')
#12 {main}
CRITICAL - 2022-11-20 21:42:45 --> Cannot delete or update a parent row: a foreign key constraint fails (`stickets3`.`tickets`, CONSTRAINT `tickets_usuario_foreign` FOREIGN KEY (`usuario`) REFERENCES `users` (`id`))
in SYSTEMPATH\Database\MySQLi\Connection.php on line 292.
 1 SYSTEMPATH\Database\MySQLi\Connection.php(292): mysqli->query('DELETE FROM `users`
WHERE `id` IN (\'2\')', 0)
 2 SYSTEMPATH\Database\BaseConnection.php(666): CodeIgniter\Database\MySQLi\Connection->execute('DELETE FROM `users`
WHERE `id` IN (\'2\')')
 3 SYSTEMPATH\Database\BaseConnection.php(593): CodeIgniter\Database\BaseConnection->simpleQuery('DELETE FROM `users`
WHERE `id` IN (\'2\')')
 4 SYSTEMPATH\Database\BaseBuilder.php(2391): CodeIgniter\Database\BaseConnection->query('DELETE FROM `users`
WHERE `id` IN :id:', [...], false)
 5 SYSTEMPATH\Model.php(401): CodeIgniter\Database\BaseBuilder->delete()
 6 SYSTEMPATH\BaseModel.php(984): CodeIgniter\Model->doDelete([...], false)
 7 APPPATH\Controllers\Admin\UsuariosController.php(228): CodeIgniter\BaseModel->delete([...])
 8 SYSTEMPATH\CodeIgniter.php(927): App\Controllers\Admin\UsuariosController->delete('2')
 9 SYSTEMPATH\CodeIgniter.php(482): CodeIgniter\CodeIgniter->runController(Object(App\Controllers\Admin\UsuariosController))
10 SYSTEMPATH\CodeIgniter.php(351): CodeIgniter\CodeIgniter->handleRequest(null, Object(Config\Cache), false)
11 FCPATH\index.php(67): CodeIgniter\CodeIgniter->run()
12 SYSTEMPATH\Commands\Server\rewrite.php(46): require_once('FCPATH\\index.php')
ERROR - 2022-11-20 21:44:54 --> mysqli_sql_exception: Duplicate entry 'Acádémico' for key 'name' in F:\projects\itst\stickets3\vendor\codeigniter4\framework\system\Database\MySQLi\Connection.php:292
Stack trace:
#0 F:\projects\itst\stickets3\vendor\codeigniter4\framework\system\Database\MySQLi\Connection.php(292): mysqli->query('INSERT INTO `ca...', 0)
#1 F:\projects\itst\stickets3\vendor\codeigniter4\framework\system\Database\BaseConnection.php(666): CodeIgniter\Database\MySQLi\Connection->execute('INSERT INTO `ca...')
#2 F:\projects\itst\stickets3\vendor\codeigniter4\framework\system\Database\BaseConnection.php(593): CodeIgniter\Database\BaseConnection->simpleQuery('INSERT INTO `ca...')
#3 F:\projects\itst\stickets3\vendor\codeigniter4\framework\system\Database\BaseBuilder.php(1778): CodeIgniter\Database\BaseConnection->query('INSERT INTO `ca...', NULL, false)
#4 F:\projects\itst\stickets3\app\Database\Seeds\Categoria.php(57): CodeIgniter\Database\BaseBuilder->insertBatch(Array)
#5 F:\projects\itst\stickets3\vendor\codeigniter4\framework\system\Database\Seeder.php(146): App\Database\Seeds\Categoria->run()
#6 F:\projects\itst\stickets3\vendor\codeigniter4\framework\system\Commands\Database\Seed.php(77): CodeIgniter\Database\Seeder->call('App\\Database\\Se...')
#7 F:\projects\itst\stickets3\vendor\codeigniter4\framework\system\CLI\Commands.php(63): CodeIgniter\Commands\Database\Seed->run(Array)
#8 F:\projects\itst\stickets3\vendor\codeigniter4\framework\system\CLI\CommandRunner.php(65): CodeIgniter\CLI\Commands->run('db:seed', Array)
#9 F:\projects\itst\stickets3\vendor\codeigniter4\framework\system\CLI\CommandRunner.php(51): CodeIgniter\CLI\CommandRunner->index(Array)
#10 F:\projects\itst\stickets3\vendor\codeigniter4\framework\system\CodeIgniter.php(920): CodeIgniter\CLI\CommandRunner->_remap('index', Array)
#11 F:\projects\itst\stickets3\vendor\codeigniter4\framework\system\CodeIgniter.php(482): CodeIgniter\CodeIgniter->runController(Object(CodeIgniter\CLI\CommandRunner))
#12 F:\projects\itst\stickets3\vendor\codeigniter4\framework\system\CodeIgniter.php(347): CodeIgniter\CodeIgniter->handleRequest(NULL, Object(Config\Cache), false)
#13 F:\projects\itst\stickets3\vendor\codeigniter4\framework\system\CLI\Console.php(48): CodeIgniter\CodeIgniter->run()
#14 F:\projects\itst\stickets3\spark(98): CodeIgniter\CLI\Console->run()
#15 {main}
ERROR - 2022-11-20 21:47:10 --> mysqli_sql_exception: Cannot delete or update a parent row: a foreign key constraint fails (`stickets3`.`tickets`, CONSTRAINT `tickets_usuario_foreign` FOREIGN KEY (`usuario`) REFERENCES `users` (`id`)) in F:\projects\itst\stickets3\vendor\codeigniter4\framework\system\Database\MySQLi\Connection.php:292
Stack trace:
#0 F:\projects\itst\stickets3\vendor\codeigniter4\framework\system\Database\MySQLi\Connection.php(292): mysqli->query('DELETE FROM `us...', 0)
#1 F:\projects\itst\stickets3\vendor\codeigniter4\framework\system\Database\BaseConnection.php(666): CodeIgniter\Database\MySQLi\Connection->execute('DELETE FROM `us...')
#2 F:\projects\itst\stickets3\vendor\codeigniter4\framework\system\Database\BaseConnection.php(593): CodeIgniter\Database\BaseConnection->simpleQuery('DELETE FROM `us...')
#3 F:\projects\itst\stickets3\vendor\codeigniter4\framework\system\Database\BaseBuilder.php(2391): CodeIgniter\Database\BaseConnection->query('DELETE FROM `us...', Array, false)
#4 F:\projects\itst\stickets3\vendor\codeigniter4\framework\system\Model.php(401): CodeIgniter\Database\BaseBuilder->delete()
#5 F:\projects\itst\stickets3\vendor\codeigniter4\framework\system\BaseModel.php(984): CodeIgniter\Model->doDelete(Array, false)
#6 F:\projects\itst\stickets3\app\Controllers\Admin\UsuariosController.php(228): CodeIgniter\BaseModel->delete(Array)
#7 F:\projects\itst\stickets3\vendor\codeigniter4\framework\system\CodeIgniter.php(927): App\Controllers\Admin\UsuariosController->delete('2')
#8 F:\projects\itst\stickets3\vendor\codeigniter4\framework\system\CodeIgniter.php(482): CodeIgniter\CodeIgniter->runController(Object(App\Controllers\Admin\UsuariosController))
#9 F:\projects\itst\stickets3\vendor\codeigniter4\framework\system\CodeIgniter.php(351): CodeIgniter\CodeIgniter->handleRequest(NULL, Object(Config\Cache), false)
#10 F:\projects\itst\stickets3\public\index.php(67): CodeIgniter\CodeIgniter->run()
#11 F:\projects\itst\stickets3\vendor\codeigniter4\framework\system\Commands\Server\rewrite.php(46): require_once('F:\\projects\\its...')
#12 {main}
CRITICAL - 2022-11-20 21:47:10 --> Cannot delete or update a parent row: a foreign key constraint fails (`stickets3`.`tickets`, CONSTRAINT `tickets_usuario_foreign` FOREIGN KEY (`usuario`) REFERENCES `users` (`id`))
in SYSTEMPATH\Database\MySQLi\Connection.php on line 292.
 1 SYSTEMPATH\Database\MySQLi\Connection.php(292): mysqli->query('DELETE FROM `users`
WHERE `id` IN (\'2\')', 0)
 2 SYSTEMPATH\Database\BaseConnection.php(666): CodeIgniter\Database\MySQLi\Connection->execute('DELETE FROM `users`
WHERE `id` IN (\'2\')')
 3 SYSTEMPATH\Database\BaseConnection.php(593): CodeIgniter\Database\BaseConnection->simpleQuery('DELETE FROM `users`
WHERE `id` IN (\'2\')')
 4 SYSTEMPATH\Database\BaseBuilder.php(2391): CodeIgniter\Database\BaseConnection->query('DELETE FROM `users`
WHERE `id` IN :id:', [...], false)
 5 SYSTEMPATH\Model.php(401): CodeIgniter\Database\BaseBuilder->delete()
 6 SYSTEMPATH\BaseModel.php(984): CodeIgniter\Model->doDelete([...], false)
 7 APPPATH\Controllers\Admin\UsuariosController.php(228): CodeIgniter\BaseModel->delete([...])
 8 SYSTEMPATH\CodeIgniter.php(927): App\Controllers\Admin\UsuariosController->delete('2')
 9 SYSTEMPATH\CodeIgniter.php(482): CodeIgniter\CodeIgniter->runController(Object(App\Controllers\Admin\UsuariosController))
10 SYSTEMPATH\CodeIgniter.php(351): CodeIgniter\CodeIgniter->handleRequest(null, Object(Config\Cache), false)
11 FCPATH\index.php(67): CodeIgniter\CodeIgniter->run()
12 SYSTEMPATH\Commands\Server\rewrite.php(46): require_once('FCPATH\\index.php')
CRITICAL - 2022-11-20 22:17:40 --> There is no data to update.
in SYSTEMPATH\BaseModel.php on line 1598.
 1 SYSTEMPATH\BaseModel.php(1598): CodeIgniter\Database\Exceptions\DataException::forEmptyDataset('update')
 2 SYSTEMPATH\BaseModel.php(853): CodeIgniter\BaseModel->transformDataToArray(null, 'update')
 3 SYSTEMPATH\Model.php(693): CodeIgniter\BaseModel->update([...], null)
 4 APPPATH\Controllers\Admin\UsuariosController.php(214): CodeIgniter\Model->update([...])
 5 SYSTEMPATH\CodeIgniter.php(927): App\Controllers\Admin\UsuariosController->update('3')
 6 SYSTEMPATH\CodeIgniter.php(482): CodeIgniter\CodeIgniter->runController(Object(App\Controllers\Admin\UsuariosController))
 7 SYSTEMPATH\CodeIgniter.php(351): CodeIgniter\CodeIgniter->handleRequest(null, Object(Config\Cache), false)
 8 FCPATH\index.php(67): CodeIgniter\CodeIgniter->run()
 9 SYSTEMPATH\Commands\Server\rewrite.php(46): require_once('FCPATH\\index.php')
CRITICAL - 2022-11-20 22:21:03 --> Undefined variable $title
in APPPATH\Views\usuarios\create.php on line 8.
 1 APPPATH\Views\usuarios\create.php(8): CodeIgniter\Debug\Exceptions->errorHandler(2, 'Undefined variable $title', 'APPPATH\\Views\\usuarios\\create.php', 8)
 2 SYSTEMPATH\View\View.php(213): include('APPPATH\\Views\\usuarios\\create.php')
 3 SYSTEMPATH\View\View.php(216): CodeIgniter\View\View->CodeIgniter\View\{closure}()
 4 SYSTEMPATH\Common.php(1134): CodeIgniter\View\View->render('usuarios/create', [], true)
 5 APPPATH\Controllers\Admin\UsuariosController.php(201): view('usuarios/create', [...])
 6 SYSTEMPATH\CodeIgniter.php(927): App\Controllers\Admin\UsuariosController->update('3')
 7 SYSTEMPATH\CodeIgniter.php(482): CodeIgniter\CodeIgniter->runController(Object(App\Controllers\Admin\UsuariosController))
 8 SYSTEMPATH\CodeIgniter.php(351): CodeIgniter\CodeIgniter->handleRequest(null, Object(Config\Cache), false)
 9 FCPATH\index.php(67): CodeIgniter\CodeIgniter->run()
10 SYSTEMPATH\Commands\Server\rewrite.php(46): require_once('FCPATH\\index.php')
CRITICAL - 2022-11-20 22:21:33 --> Undefined variable $title
in APPPATH\Views\usuarios\create.php on line 8.
 1 APPPATH\Views\usuarios\create.php(8): CodeIgniter\Debug\Exceptions->errorHandler(2, 'Undefined variable $title', 'APPPATH\\Views\\usuarios\\create.php', 8)
 2 SYSTEMPATH\View\View.php(213): include('APPPATH\\Views\\usuarios\\create.php')
 3 SYSTEMPATH\View\View.php(216): CodeIgniter\View\View->CodeIgniter\View\{closure}()
 4 SYSTEMPATH\Common.php(1134): CodeIgniter\View\View->render('usuarios/create', [], true)
 5 APPPATH\Controllers\Admin\UsuariosController.php(201): view('usuarios/create', [...])
 6 SYSTEMPATH\CodeIgniter.php(927): App\Controllers\Admin\UsuariosController->update('3')
 7 SYSTEMPATH\CodeIgniter.php(482): CodeIgniter\CodeIgniter->runController(Object(App\Controllers\Admin\UsuariosController))
 8 SYSTEMPATH\CodeIgniter.php(351): CodeIgniter\CodeIgniter->handleRequest(null, Object(Config\Cache), false)
 9 FCPATH\index.php(67): CodeIgniter\CodeIgniter->run()
10 SYSTEMPATH\Commands\Server\rewrite.php(46): require_once('FCPATH\\index.php')
CRITICAL - 2022-11-20 22:22:08 --> Undefined variable $title
in APPPATH\Views\usuarios\create.php on line 8.
 1 APPPATH\Views\usuarios\create.php(8): CodeIgniter\Debug\Exceptions->errorHandler(2, 'Undefined variable $title', 'APPPATH\\Views\\usuarios\\create.php', 8)
 2 SYSTEMPATH\View\View.php(213): include('APPPATH\\Views\\usuarios\\create.php')
 3 SYSTEMPATH\View\View.php(216): CodeIgniter\View\View->CodeIgniter\View\{closure}()
 4 SYSTEMPATH\Common.php(1134): CodeIgniter\View\View->render('usuarios/create', [], true)
 5 APPPATH\Controllers\Admin\UsuariosController.php(201): view('usuarios/create', [...])
 6 SYSTEMPATH\CodeIgniter.php(927): App\Controllers\Admin\UsuariosController->update('3')
 7 SYSTEMPATH\CodeIgniter.php(482): CodeIgniter\CodeIgniter->runController(Object(App\Controllers\Admin\UsuariosController))
 8 SYSTEMPATH\CodeIgniter.php(351): CodeIgniter\CodeIgniter->handleRequest(null, Object(Config\Cache), false)
 9 FCPATH\index.php(67): CodeIgniter\CodeIgniter->run()
10 SYSTEMPATH\Commands\Server\rewrite.php(46): require_once('FCPATH\\index.php')
CRITICAL - 2022-11-20 22:24:10 --> Undefined variable $title
in APPPATH\Views\usuarios\create.php on line 8.
 1 APPPATH\Views\usuarios\create.php(8): CodeIgniter\Debug\Exceptions->errorHandler(2, 'Undefined variable $title', 'APPPATH\\Views\\usuarios\\create.php', 8)
 2 SYSTEMPATH\View\View.php(213): include('APPPATH\\Views\\usuarios\\create.php')
 3 SYSTEMPATH\View\View.php(216): CodeIgniter\View\View->CodeIgniter\View\{closure}()
 4 SYSTEMPATH\Common.php(1134): CodeIgniter\View\View->render('usuarios/create', [], true)
 5 APPPATH\Controllers\Admin\UsuariosController.php(201): view('usuarios/create', [...])
 6 SYSTEMPATH\CodeIgniter.php(927): App\Controllers\Admin\UsuariosController->update('3')
 7 SYSTEMPATH\CodeIgniter.php(482): CodeIgniter\CodeIgniter->runController(Object(App\Controllers\Admin\UsuariosController))
 8 SYSTEMPATH\CodeIgniter.php(351): CodeIgniter\CodeIgniter->handleRequest(null, Object(Config\Cache), false)
 9 FCPATH\index.php(67): CodeIgniter\CodeIgniter->run()
10 SYSTEMPATH\Commands\Server\rewrite.php(46): require_once('FCPATH\\index.php')
CRITICAL - 2022-11-20 22:25:02 --> Undefined variable $areas
in APPPATH\Views\usuarios\create.php on line 82.
 1 APPPATH\Views\usuarios\create.php(82): CodeIgniter\Debug\Exceptions->errorHandler(2, 'Undefined variable $areas', 'APPPATH\\Views\\usuarios\\create.php', 82)
 2 SYSTEMPATH\View\View.php(213): include('APPPATH\\Views\\usuarios\\create.php')
 3 SYSTEMPATH\View\View.php(216): CodeIgniter\View\View->CodeIgniter\View\{closure}()
 4 SYSTEMPATH\Common.php(1134): CodeIgniter\View\View->render('usuarios/create', [], true)
 5 APPPATH\Controllers\Admin\UsuariosController.php(202): view('usuarios/create', [...])
 6 SYSTEMPATH\CodeIgniter.php(927): App\Controllers\Admin\UsuariosController->update('3')
 7 SYSTEMPATH\CodeIgniter.php(482): CodeIgniter\CodeIgniter->runController(Object(App\Controllers\Admin\UsuariosController))
 8 SYSTEMPATH\CodeIgniter.php(351): CodeIgniter\CodeIgniter->handleRequest(null, Object(Config\Cache), false)
 9 FCPATH\index.php(67): CodeIgniter\CodeIgniter->run()
10 SYSTEMPATH\Commands\Server\rewrite.php(46): require_once('FCPATH\\index.php')
CRITICAL - 2022-11-20 22:25:38 --> Undefined variable $areas
in APPPATH\Controllers\Admin\UsuariosController.php on line 202.
 1 APPPATH\Controllers\Admin\UsuariosController.php(202): CodeIgniter\Debug\Exceptions->errorHandler(2, 'Undefined variable $areas', 'APPPATH\\Controllers\\Admin\\UsuariosController.php', 202)
 2 SYSTEMPATH\CodeIgniter.php(927): App\Controllers\Admin\UsuariosController->update('3')
 3 SYSTEMPATH\CodeIgniter.php(482): CodeIgniter\CodeIgniter->runController(Object(App\Controllers\Admin\UsuariosController))
 4 SYSTEMPATH\CodeIgniter.php(351): CodeIgniter\CodeIgniter->handleRequest(null, Object(Config\Cache), false)
 5 FCPATH\index.php(67): CodeIgniter\CodeIgniter->run()
 6 SYSTEMPATH\Commands\Server\rewrite.php(46): require_once('FCPATH\\index.php')
CRITICAL - 2022-11-20 22:50:19 --> Undefined variable $usuario
in APPPATH\Views\usuarios\edit.php on line 20.
 1 APPPATH\Views\usuarios\edit.php(20): CodeIgniter\Debug\Exceptions->errorHandler(2, 'Undefined variable $usuario', 'APPPATH\\Views\\usuarios\\edit.php', 20)
 2 SYSTEMPATH\View\View.php(213): include('APPPATH\\Views\\usuarios\\edit.php')
 3 SYSTEMPATH\View\View.php(216): CodeIgniter\View\View->CodeIgniter\View\{closure}()
 4 SYSTEMPATH\Common.php(1134): CodeIgniter\View\View->render('usuarios/edit', [], true)
 5 APPPATH\Controllers\Admin\UsuariosController.php(204): view('usuarios/edit', [...])
 6 SYSTEMPATH\CodeIgniter.php(927): App\Controllers\Admin\UsuariosController->update('4')
 7 SYSTEMPATH\CodeIgniter.php(482): CodeIgniter\CodeIgniter->runController(Object(App\Controllers\Admin\UsuariosController))
 8 SYSTEMPATH\CodeIgniter.php(351): CodeIgniter\CodeIgniter->handleRequest(null, Object(Config\Cache), false)
 9 FCPATH\index.php(67): CodeIgniter\CodeIgniter->run()
10 SYSTEMPATH\Commands\Server\rewrite.php(46): require_once('FCPATH\\index.php')
CRITICAL - 2022-11-20 22:51:10 --> Undefined variable $usuario
in APPPATH\Views\usuarios\edit.php on line 20.
 1 APPPATH\Views\usuarios\edit.php(20): CodeIgniter\Debug\Exceptions->errorHandler(2, 'Undefined variable $usuario', 'APPPATH\\Views\\usuarios\\edit.php', 20)
 2 SYSTEMPATH\View\View.php(213): include('APPPATH\\Views\\usuarios\\edit.php')
 3 SYSTEMPATH\View\View.php(216): CodeIgniter\View\View->CodeIgniter\View\{closure}()
 4 SYSTEMPATH\Common.php(1134): CodeIgniter\View\View->render('usuarios/edit', [], true)
 5 APPPATH\Controllers\Admin\UsuariosController.php(205): view('usuarios/edit', [...])
 6 SYSTEMPATH\CodeIgniter.php(927): App\Controllers\Admin\UsuariosController->update('4')
 7 SYSTEMPATH\CodeIgniter.php(482): CodeIgniter\CodeIgniter->runController(Object(App\Controllers\Admin\UsuariosController))
 8 SYSTEMPATH\CodeIgniter.php(351): CodeIgniter\CodeIgniter->handleRequest(null, Object(Config\Cache), false)
 9 FCPATH\index.php(67): CodeIgniter\CodeIgniter->run()
10 SYSTEMPATH\Commands\Server\rewrite.php(46): require_once('FCPATH\\index.php')
CRITICAL - 2022-11-20 22:53:56 --> Undefined variable $usuario
in APPPATH\Views\usuarios\edit.php on line 20.
 1 APPPATH\Views\usuarios\edit.php(20): CodeIgniter\Debug\Exceptions->errorHandler(2, 'Undefined variable $usuario', 'APPPATH\\Views\\usuarios\\edit.php', 20)
 2 SYSTEMPATH\View\View.php(213): include('APPPATH\\Views\\usuarios\\edit.php')
 3 SYSTEMPATH\View\View.php(216): CodeIgniter\View\View->CodeIgniter\View\{closure}()
 4 SYSTEMPATH\Common.php(1134): CodeIgniter\View\View->render('usuarios/edit', [], true)
 5 APPPATH\Controllers\Admin\UsuariosController.php(208): view('usuarios/edit', [...])
 6 SYSTEMPATH\CodeIgniter.php(927): App\Controllers\Admin\UsuariosController->update('4')
 7 SYSTEMPATH\CodeIgniter.php(482): CodeIgniter\CodeIgniter->runController(Object(App\Controllers\Admin\UsuariosController))
 8 SYSTEMPATH\CodeIgniter.php(351): CodeIgniter\CodeIgniter->handleRequest(null, Object(Config\Cache), false)
 9 FCPATH\index.php(67): CodeIgniter\CodeIgniter->run()
10 SYSTEMPATH\Commands\Server\rewrite.php(46): require_once('FCPATH\\index.php')
CRITICAL - 2022-11-20 22:54:14 --> Undefined variable $usuario
in APPPATH\Views\usuarios\edit.php on line 20.
 1 APPPATH\Views\usuarios\edit.php(20): CodeIgniter\Debug\Exceptions->errorHandler(2, 'Undefined variable $usuario', 'APPPATH\\Views\\usuarios\\edit.php', 20)
 2 SYSTEMPATH\View\View.php(213): include('APPPATH\\Views\\usuarios\\edit.php')
 3 SYSTEMPATH\View\View.php(216): CodeIgniter\View\View->CodeIgniter\View\{closure}()
 4 SYSTEMPATH\Common.php(1134): CodeIgniter\View\View->render('usuarios/edit', [], true)
 5 APPPATH\Controllers\Admin\UsuariosController.php(208): view('usuarios/edit', [...])
 6 SYSTEMPATH\CodeIgniter.php(927): App\Controllers\Admin\UsuariosController->update('4')
 7 SYSTEMPATH\CodeIgniter.php(482): CodeIgniter\CodeIgniter->runController(Object(App\Controllers\Admin\UsuariosController))
 8 SYSTEMPATH\CodeIgniter.php(351): CodeIgniter\CodeIgniter->handleRequest(null, Object(Config\Cache), false)
 9 FCPATH\index.php(67): CodeIgniter\CodeIgniter->run()
10 SYSTEMPATH\Commands\Server\rewrite.php(46): require_once('FCPATH\\index.php')
CRITICAL - 2022-11-20 22:54:33 --> Undefined variable $usuario
in APPPATH\Views\usuarios\edit.php on line 20.
 1 APPPATH\Views\usuarios\edit.php(20): CodeIgniter\Debug\Exceptions->errorHandler(2, 'Undefined variable $usuario', 'APPPATH\\Views\\usuarios\\edit.php', 20)
 2 SYSTEMPATH\View\View.php(213): include('APPPATH\\Views\\usuarios\\edit.php')
 3 SYSTEMPATH\View\View.php(216): CodeIgniter\View\View->CodeIgniter\View\{closure}()
 4 SYSTEMPATH\Common.php(1134): CodeIgniter\View\View->render('usuarios/edit', [], true)
 5 APPPATH\Controllers\Admin\UsuariosController.php(208): view('usuarios/edit', [...])
 6 SYSTEMPATH\CodeIgniter.php(927): App\Controllers\Admin\UsuariosController->update('4')
 7 SYSTEMPATH\CodeIgniter.php(482): CodeIgniter\CodeIgniter->runController(Object(App\Controllers\Admin\UsuariosController))
 8 SYSTEMPATH\CodeIgniter.php(351): CodeIgniter\CodeIgniter->handleRequest(null, Object(Config\Cache), false)
 9 FCPATH\index.php(67): CodeIgniter\CodeIgniter->run()
10 SYSTEMPATH\Commands\Server\rewrite.php(46): require_once('FCPATH\\index.php')
CRITICAL - 2022-11-20 22:56:48 --> Undefined variable $usuario
in APPPATH\Views\usuarios\edit.php on line 20.
 1 APPPATH\Views\usuarios\edit.php(20): CodeIgniter\Debug\Exceptions->errorHandler(2, 'Undefined variable $usuario', 'APPPATH\\Views\\usuarios\\edit.php', 20)
 2 SYSTEMPATH\View\View.php(213): include('APPPATH\\Views\\usuarios\\edit.php')
 3 SYSTEMPATH\View\View.php(216): CodeIgniter\View\View->CodeIgniter\View\{closure}()
 4 SYSTEMPATH\Common.php(1134): CodeIgniter\View\View->render('usuarios/edit', [], true)
 5 APPPATH\Controllers\Admin\UsuariosController.php(208): view('usuarios/edit', [...])
 6 SYSTEMPATH\CodeIgniter.php(927): App\Controllers\Admin\UsuariosController->update('4')
 7 SYSTEMPATH\CodeIgniter.php(482): CodeIgniter\CodeIgniter->runController(Object(App\Controllers\Admin\UsuariosController))
 8 SYSTEMPATH\CodeIgniter.php(351): CodeIgniter\CodeIgniter->handleRequest(null, Object(Config\Cache), false)
 9 FCPATH\index.php(67): CodeIgniter\CodeIgniter->run()
10 SYSTEMPATH\Commands\Server\rewrite.php(46): require_once('FCPATH\\index.php')
CRITICAL - 2022-11-20 22:57:00 --> Undefined variable $usuario
in APPPATH\Views\usuarios\edit.php on line 20.
 1 APPPATH\Views\usuarios\edit.php(20): CodeIgniter\Debug\Exceptions->errorHandler(2, 'Undefined variable $usuario', 'APPPATH\\Views\\usuarios\\edit.php', 20)
 2 SYSTEMPATH\View\View.php(213): include('APPPATH\\Views\\usuarios\\edit.php')
 3 SYSTEMPATH\View\View.php(216): CodeIgniter\View\View->CodeIgniter\View\{closure}()
 4 SYSTEMPATH\Common.php(1134): CodeIgniter\View\View->render('usuarios/edit', [], true)
 5 APPPATH\Controllers\Admin\UsuariosController.php(208): view('usuarios/edit', [...])
 6 SYSTEMPATH\CodeIgniter.php(927): App\Controllers\Admin\UsuariosController->update('4')
 7 SYSTEMPATH\CodeIgniter.php(482): CodeIgniter\CodeIgniter->runController(Object(App\Controllers\Admin\UsuariosController))
 8 SYSTEMPATH\CodeIgniter.php(351): CodeIgniter\CodeIgniter->handleRequest(null, Object(Config\Cache), false)
 9 FCPATH\index.php(67): CodeIgniter\CodeIgniter->run()
10 SYSTEMPATH\Commands\Server\rewrite.php(46): require_once('FCPATH\\index.php')
CRITICAL - 2022-11-20 22:59:34 --> syntax error, unexpected token ";", expecting "]"
in APPPATH\Controllers\Admin\UsuariosController.php on line 206.
 1 SYSTEMPATH\Autoloader\Autoloader.php(259): CodeIgniter\Autoloader\Autoloader->includeFile('APPPATH\\Controllers\\Admin\\UsuariosController.php')
 2 SYSTEMPATH\Autoloader\Autoloader.php(237): CodeIgniter\Autoloader\Autoloader->loadInNamespace('App\\Controllers\\Admin\\UsuariosController')
 3 [internal function]: CodeIgniter\Autoloader\Autoloader->loadClass('App\\Controllers\\Admin\\UsuariosController')
 4 SYSTEMPATH\CodeIgniter.php(877): class_exists('\\App\\Controllers\\Admin\\UsuariosController', true)
 5 SYSTEMPATH\CodeIgniter.php(469): CodeIgniter\CodeIgniter->startController()
 6 SYSTEMPATH\CodeIgniter.php(351): CodeIgniter\CodeIgniter->handleRequest(null, Object(Config\Cache), false)
 7 FCPATH\index.php(67): CodeIgniter\CodeIgniter->run()
 8 SYSTEMPATH\Commands\Server\rewrite.php(46): require_once('FCPATH\\index.php')
CRITICAL - 2022-11-20 23:03:27 --> syntax error, unexpected token ";", expecting "]"
in APPPATH\Controllers\Admin\UsuariosController.php on line 204.
 1 SYSTEMPATH\Autoloader\Autoloader.php(259): CodeIgniter\Autoloader\Autoloader->includeFile('APPPATH\\Controllers\\Admin\\UsuariosController.php')
 2 SYSTEMPATH\Autoloader\Autoloader.php(237): CodeIgniter\Autoloader\Autoloader->loadInNamespace('App\\Controllers\\Admin\\UsuariosController')
 3 [internal function]: CodeIgniter\Autoloader\Autoloader->loadClass('App\\Controllers\\Admin\\UsuariosController')
 4 SYSTEMPATH\CodeIgniter.php(877): class_exists('\\App\\Controllers\\Admin\\UsuariosController', true)
 5 SYSTEMPATH\CodeIgniter.php(469): CodeIgniter\CodeIgniter->startController()
 6 SYSTEMPATH\CodeIgniter.php(351): CodeIgniter\CodeIgniter->handleRequest(null, Object(Config\Cache), false)
 7 FCPATH\index.php(67): CodeIgniter\CodeIgniter->run()
 8 SYSTEMPATH\Commands\Server\rewrite.php(46): require_once('FCPATH\\index.php')
CRITICAL - 2022-11-20 23:04:14 --> Undefined property: App\Controllers\Admin\UsuariosController::$userModel
in APPPATH\Controllers\Admin\UsuariosController.php on line 143.
 1 APPPATH\Controllers\Admin\UsuariosController.php(143): CodeIgniter\Debug\Exceptions->errorHandler(2, 'Undefined property: App\\Controllers\\Admin\\UsuariosController::$userModel', 'APPPATH\\Controllers\\Admin\\UsuariosController.php', 143)
 2 SYSTEMPATH\CodeIgniter.php(927): App\Controllers\Admin\UsuariosController->edit('4')
 3 SYSTEMPATH\CodeIgniter.php(482): CodeIgniter\CodeIgniter->runController(Object(App\Controllers\Admin\UsuariosController))
 4 SYSTEMPATH\CodeIgniter.php(351): CodeIgniter\CodeIgniter->handleRequest(null, Object(Config\Cache), false)
 5 FCPATH\index.php(67): CodeIgniter\CodeIgniter->run()
 6 SYSTEMPATH\Commands\Server\rewrite.php(46): require_once('FCPATH\\index.php')
CRITICAL - 2022-11-20 23:06:15 --> Undefined variable $title
in APPPATH\Views\usuarios\create.php on line 8.
 1 APPPATH\Views\usuarios\create.php(8): CodeIgniter\Debug\Exceptions->errorHandler(2, 'Undefined variable $title', 'APPPATH\\Views\\usuarios\\create.php', 8)
 2 SYSTEMPATH\View\View.php(213): include('APPPATH\\Views\\usuarios\\create.php')
 3 SYSTEMPATH\View\View.php(216): CodeIgniter\View\View->CodeIgniter\View\{closure}()
 4 SYSTEMPATH\Common.php(1134): CodeIgniter\View\View->render('usuarios/create', [], true)
 5 APPPATH\Controllers\Admin\UsuariosController.php(212): view('usuarios/create', [...])
 6 SYSTEMPATH\CodeIgniter.php(927): App\Controllers\Admin\UsuariosController->update('4')
 7 SYSTEMPATH\CodeIgniter.php(482): CodeIgniter\CodeIgniter->runController(Object(App\Controllers\Admin\UsuariosController))
 8 SYSTEMPATH\CodeIgniter.php(351): CodeIgniter\CodeIgniter->handleRequest(null, Object(Config\Cache), false)
 9 FCPATH\index.php(67): CodeIgniter\CodeIgniter->run()
10 SYSTEMPATH\Commands\Server\rewrite.php(46): require_once('FCPATH\\index.php')
CRITICAL - 2022-11-20 23:06:35 --> Undefined variable $title
in APPPATH\Views\usuarios\create.php on line 8.
 1 APPPATH\Views\usuarios\create.php(8): CodeIgniter\Debug\Exceptions->errorHandler(2, 'Undefined variable $title', 'APPPATH\\Views\\usuarios\\create.php', 8)
 2 SYSTEMPATH\View\View.php(213): include('APPPATH\\Views\\usuarios\\create.php')
 3 SYSTEMPATH\View\View.php(216): CodeIgniter\View\View->CodeIgniter\View\{closure}()
 4 SYSTEMPATH\Common.php(1134): CodeIgniter\View\View->render('usuarios/create', [], true)
 5 APPPATH\Controllers\Admin\UsuariosController.php(212): view('usuarios/create', [...])
 6 SYSTEMPATH\CodeIgniter.php(927): App\Controllers\Admin\UsuariosController->update('4')
 7 SYSTEMPATH\CodeIgniter.php(482): CodeIgniter\CodeIgniter->runController(Object(App\Controllers\Admin\UsuariosController))
 8 SYSTEMPATH\CodeIgniter.php(351): CodeIgniter\CodeIgniter->handleRequest(null, Object(Config\Cache), false)
 9 FCPATH\index.php(67): CodeIgniter\CodeIgniter->run()
10 SYSTEMPATH\Commands\Server\rewrite.php(46): require_once('FCPATH\\index.php')
CRITICAL - 2022-11-20 23:06:53 --> Undefined variable $title
in APPPATH\Views\usuarios\create.php on line 8.
 1 APPPATH\Views\usuarios\create.php(8): CodeIgniter\Debug\Exceptions->errorHandler(2, 'Undefined variable $title', 'APPPATH\\Views\\usuarios\\create.php', 8)
 2 SYSTEMPATH\View\View.php(213): include('APPPATH\\Views\\usuarios\\create.php')
 3 SYSTEMPATH\View\View.php(216): CodeIgniter\View\View->CodeIgniter\View\{closure}()
 4 SYSTEMPATH\Common.php(1134): CodeIgniter\View\View->render('usuarios/create', [], true)
 5 APPPATH\Controllers\Admin\UsuariosController.php(212): view('usuarios/create', [...])
 6 SYSTEMPATH\CodeIgniter.php(927): App\Controllers\Admin\UsuariosController->update('4')
 7 SYSTEMPATH\CodeIgniter.php(482): CodeIgniter\CodeIgniter->runController(Object(App\Controllers\Admin\UsuariosController))
 8 SYSTEMPATH\CodeIgniter.php(351): CodeIgniter\CodeIgniter->handleRequest(null, Object(Config\Cache), false)
 9 FCPATH\index.php(67): CodeIgniter\CodeIgniter->run()
10 SYSTEMPATH\Commands\Server\rewrite.php(46): require_once('FCPATH\\index.php')
CRITICAL - 2022-11-20 23:07:08 --> Undefined variable $title
in APPPATH\Views\usuarios\create.php on line 8.
 1 APPPATH\Views\usuarios\create.php(8): CodeIgniter\Debug\Exceptions->errorHandler(2, 'Undefined variable $title', 'APPPATH\\Views\\usuarios\\create.php', 8)
 2 SYSTEMPATH\View\View.php(213): include('APPPATH\\Views\\usuarios\\create.php')
 3 SYSTEMPATH\View\View.php(216): CodeIgniter\View\View->CodeIgniter\View\{closure}()
 4 SYSTEMPATH\Common.php(1134): CodeIgniter\View\View->render('usuarios/create', [], true)
 5 APPPATH\Controllers\Admin\UsuariosController.php(212): view('usuarios/create', [...])
 6 SYSTEMPATH\CodeIgniter.php(927): App\Controllers\Admin\UsuariosController->update('4')
 7 SYSTEMPATH\CodeIgniter.php(482): CodeIgniter\CodeIgniter->runController(Object(App\Controllers\Admin\UsuariosController))
 8 SYSTEMPATH\CodeIgniter.php(351): CodeIgniter\CodeIgniter->handleRequest(null, Object(Config\Cache), false)
 9 FCPATH\index.php(67): CodeIgniter\CodeIgniter->run()
10 SYSTEMPATH\Commands\Server\rewrite.php(46): require_once('FCPATH\\index.php')
CRITICAL - 2022-11-20 23:10:05 --> Undefined variable $title
in APPPATH\Views\usuarios\create.php on line 8.
 1 APPPATH\Views\usuarios\create.php(8): CodeIgniter\Debug\Exceptions->errorHandler(2, 'Undefined variable $title', 'APPPATH\\Views\\usuarios\\create.php', 8)
 2 SYSTEMPATH\View\View.php(213): include('APPPATH\\Views\\usuarios\\create.php')
 3 SYSTEMPATH\View\View.php(216): CodeIgniter\View\View->CodeIgniter\View\{closure}()
 4 SYSTEMPATH\Common.php(1134): CodeIgniter\View\View->render('usuarios/create', [], true)
 5 APPPATH\Controllers\Admin\UsuariosController.php(212): view('usuarios/create', [...])
 6 SYSTEMPATH\CodeIgniter.php(927): App\Controllers\Admin\UsuariosController->update('4')
 7 SYSTEMPATH\CodeIgniter.php(482): CodeIgniter\CodeIgniter->runController(Object(App\Controllers\Admin\UsuariosController))
 8 SYSTEMPATH\CodeIgniter.php(351): CodeIgniter\CodeIgniter->handleRequest(null, Object(Config\Cache), false)
 9 FCPATH\index.php(67): CodeIgniter\CodeIgniter->run()
10 SYSTEMPATH\Commands\Server\rewrite.php(46): require_once('FCPATH\\index.php')
CRITICAL - 2022-11-20 23:12:12 --> Undefined variable $title
in APPPATH\Views\usuarios\create.php on line 8.
 1 APPPATH\Views\usuarios\create.php(8): CodeIgniter\Debug\Exceptions->errorHandler(2, 'Undefined variable $title', 'APPPATH\\Views\\usuarios\\create.php', 8)
 2 SYSTEMPATH\View\View.php(213): include('APPPATH\\Views\\usuarios\\create.php')
 3 SYSTEMPATH\View\View.php(216): CodeIgniter\View\View->CodeIgniter\View\{closure}()
 4 SYSTEMPATH\Common.php(1134): CodeIgniter\View\View->render('usuarios/create', [], true)
 5 APPPATH\Controllers\Admin\UsuariosController.php(212): view('usuarios/create', [...])
 6 SYSTEMPATH\CodeIgniter.php(927): App\Controllers\Admin\UsuariosController->update('4')
 7 SYSTEMPATH\CodeIgniter.php(482): CodeIgniter\CodeIgniter->runController(Object(App\Controllers\Admin\UsuariosController))
 8 SYSTEMPATH\CodeIgniter.php(351): CodeIgniter\CodeIgniter->handleRequest(null, Object(Config\Cache), false)
 9 FCPATH\index.php(67): CodeIgniter\CodeIgniter->run()
10 SYSTEMPATH\Commands\Server\rewrite.php(46): require_once('FCPATH\\index.php')
CRITICAL - 2022-11-20 23:17:08 --> Undefined property: App\Controllers\Admin\UsuariosController::$userModel
in APPPATH\Controllers\Admin\UsuariosController.php on line 232.
 1 APPPATH\Controllers\Admin\UsuariosController.php(232): CodeIgniter\Debug\Exceptions->errorHandler(2, 'Undefined property: App\\Controllers\\Admin\\UsuariosController::$userModel', 'APPPATH\\Controllers\\Admin\\UsuariosController.php', 232)
 2 SYSTEMPATH\CodeIgniter.php(927): App\Controllers\Admin\UsuariosController->delete('5')
 3 SYSTEMPATH\CodeIgniter.php(482): CodeIgniter\CodeIgniter->runController(Object(App\Controllers\Admin\UsuariosController))
 4 SYSTEMPATH\CodeIgniter.php(351): CodeIgniter\CodeIgniter->handleRequest(null, Object(Config\Cache), false)
 5 FCPATH\index.php(67): CodeIgniter\CodeIgniter->run()
 6 SYSTEMPATH\Commands\Server\rewrite.php(46): require_once('FCPATH\\index.php')
CRITICAL - 2022-11-20 23:17:36 --> There is no data to update.
in SYSTEMPATH\BaseModel.php on line 1598.
 1 SYSTEMPATH\BaseModel.php(1598): CodeIgniter\Database\Exceptions\DataException::forEmptyDataset('update')
 2 SYSTEMPATH\BaseModel.php(853): CodeIgniter\BaseModel->transformDataToArray(null, 'update')
 3 SYSTEMPATH\Model.php(693): CodeIgniter\BaseModel->update([...], null)
 4 APPPATH\Controllers\Admin\UsuariosController.php(204): CodeIgniter\Model->update([...])
 5 SYSTEMPATH\CodeIgniter.php(927): App\Controllers\Admin\UsuariosController->update('4')
 6 SYSTEMPATH\CodeIgniter.php(482): CodeIgniter\CodeIgniter->runController(Object(App\Controllers\Admin\UsuariosController))
 7 SYSTEMPATH\CodeIgniter.php(351): CodeIgniter\CodeIgniter->handleRequest(null, Object(Config\Cache), false)
 8 FCPATH\index.php(67): CodeIgniter\CodeIgniter->run()
 9 SYSTEMPATH\Commands\Server\rewrite.php(46): require_once('FCPATH\\index.php')
